<?xml version="1.0" encoding="UTF-8"?>
<!-- Generated by org.testng.reporters.JUnitXMLReporter -->
<testsuite ignored="0" hostname="WARNER" failures="0" tests="4" name="Default test" time="16.638" errors="0" timestamp="2024-12-19T14:46:47 IST">
  <testcase classname="module2.TestPage" name="testMenuOptionsCount" time="2.832"/>
  <testcase classname="module2.TestPage" name="testSearchByUsername" time="4.649"/>
  <testcase classname="module2.TestPage" name="testSearchByUserRole" time="1.547"/>
  <testcase classname="module2.TestPage" name="testSearcgByUserStatus" time="1.272"/>
</testsuite> <!-- Default test -->
