<?xml version="1.0" encoding="UTF-8"?>
<!-- Generated by org.testng.reporters.JUnitXMLReporter -->
<testsuite ignored="0" hostname="WARNER" failures="0" tests="4" name="Test" time="17.292" errors="0" timestamp="2024-12-19T15:15:43 IST">
  <testcase classname="module2.TestPagewithExtentReport" name="testMenuOptionsCount" time="1.584"/>
  <testcase classname="module2.TestPagewithExtentReport" name="testSearchByUsername" time="4.085"/>
  <testcase classname="module2.TestPagewithExtentReport" name="testSearchByUserRole" time="1.721"/>
  <testcase classname="module2.TestPagewithExtentReport" name="testSearcgByUserStatus" time="1.176"/>
</testsuite> <!-- Test -->
