<?xml version="1.0" encoding="UTF-8"?>
<testng-results ignored="0" total="4" passed="4" failed="0" skipped="0">
  <reporter-output>
  </reporter-output>
  <suite started-at="2024-12-19T15:15:25 IST" name="Suite" finished-at="2024-12-19T15:15:42 IST" duration-ms="17292">
    <groups>
    </groups>
    <test started-at="2024-12-19T15:15:25 IST" name="Test" finished-at="2024-12-19T15:15:42 IST" duration-ms="17292">
      <class name="module2.TestPagewithExtentReport">
        <test-method is-config="true" signature="setup()[pri:0, instance:module2.TestPagewithExtentReport@7c7a06ec]" started-at="2024-12-19T15:15:26 IST" name="setup" finished-at="2024-12-19T15:15:34 IST" duration-ms="8058" status="PASS">
          <reporter-output>
          </reporter-output>
        </test-method> <!-- setup -->
        <test-method signature="testMenuOptionsCount()[pri:1, instance:module2.TestPagewithExtentReport@7c7a06ec]" started-at="2024-12-19T15:15:34 IST" name="testMenuOptionsCount" finished-at="2024-12-19T15:15:35 IST" duration-ms="1584" status="PASS">
          <reporter-output>
          </reporter-output>
        </test-method> <!-- testMenuOptionsCount -->
        <test-method signature="testSearchByUsername()[pri:2, instance:module2.TestPagewithExtentReport@7c7a06ec]" started-at="2024-12-19T15:15:35 IST" name="testSearchByUsername" finished-at="2024-12-19T15:15:39 IST" duration-ms="4085" status="PASS">
          <reporter-output>
          </reporter-output>
        </test-method> <!-- testSearchByUsername -->
        <test-method signature="testSearchByUserRole()[pri:3, instance:module2.TestPagewithExtentReport@7c7a06ec]" started-at="2024-12-19T15:15:39 IST" name="testSearchByUserRole" finished-at="2024-12-19T15:15:41 IST" duration-ms="1721" status="PASS">
          <reporter-output>
          </reporter-output>
        </test-method> <!-- testSearchByUserRole -->
        <test-method signature="testSearcgByUserStatus()[pri:4, instance:module2.TestPagewithExtentReport@7c7a06ec]" started-at="2024-12-19T15:15:41 IST" name="testSearcgByUserStatus" finished-at="2024-12-19T15:15:42 IST" duration-ms="1176" status="PASS">
          <reporter-output>
          </reporter-output>
        </test-method> <!-- testSearcgByUserStatus -->
        <test-method is-config="true" signature="close()[pri:0, instance:module2.TestPagewithExtentReport@7c7a06ec]" started-at="2024-12-19T15:15:42 IST" name="close" finished-at="2024-12-19T15:15:42 IST" duration-ms="240" status="PASS">
          <reporter-output>
          </reporter-output>
        </test-method> <!-- close -->
      </class> <!-- module2.TestPagewithExtentReport -->
    </test> <!-- Test -->
  </suite> <!-- Suite -->
</testng-results>
